<?xml version="1.0" encoding="UTF-8"?>
<!-- Generated by org.testng.reporters.JUnitReportReporter -->
<testsuite hostname="DESKTOP-CV42A7Q" failures="0" tests="3" name="com.mystore.testcases.TC_MyAccountPageTest" time="14.131" errors="0" timestamp="2022-06-01T17:58:04 IST" skipped="1">
  <testcase classname="com.mystore.testcases.TC_MyAccountPageTest" name="VerifyLogin" time="6.806"/>
  <system-out/>
  <testcase classname="com.mystore.testcases.TC_MyAccountPageTest" name="VerifySignOut" time="7.325"/>
  <system-out/>
  <testcase classname="com.mystore.testcases.TC_MyAccountPageTest" name="verifyRegistrationAndLogin">
    <skipped/>
  </testcase> <!-- verifyRegistrationAndLogin -->
  <system-out/>
</testsuite> <!-- com.mystore.testcases.TC_MyAccountPageTest -->
